<?xml version="1.0" encoding="UTF-8"?>
<!-- Generated by org.testng.reporters.JUnitReportReporter -->
<testsuite skipped="0" hostname="NODE921" name="runner.TestRunner" tests="1" failures="0" timestamp="08 Jun 2019 19:33:41 GMT" time="0.133" errors="0">
  <testcase name="feature" time="0.133" classname="runner.TestRunner"/>
</testsuite> <!-- runner.TestRunner -->
